[debug] [2023-04-01T11:24:57.754Z] ----------------------------------------------------------------------
[debug] [2023-04-01T11:24:57.756Z] Command:       C:\Program Files\nodejs\node.exe C:\Users\Luuk\AppData\Roaming\npm\node_modules\firebase-tools\lib\bin\firebase.js init
[debug] [2023-04-01T11:24:57.757Z] CLI Version:   11.25.2
[debug] [2023-04-01T11:24:57.757Z] Platform:      win32
[debug] [2023-04-01T11:24:57.757Z] Node Version:  v18.13.0
[debug] [2023-04-01T11:24:57.759Z] Time:          Sat Apr 01 2023 13:24:57 GMT+0200 (Midden-Europese zomertijd)
[debug] [2023-04-01T11:24:57.759Z] ----------------------------------------------------------------------
[debug] 
[debug] [2023-04-01T11:24:57.766Z] >>> [apiv2][query] GET https://firebase-public.firebaseio.com/cli.json [none]
[debug] [2023-04-01T11:24:57.820Z] > command requires scopes: ["email","openid","https://www.googleapis.com/auth/cloudplatformprojects.readonly","https://www.googleapis.com/auth/firebase","https://www.googleapis.com/auth/cloud-platform"]
[debug] [2023-04-01T11:24:57.820Z] > authorizing via signed-in user (luukbrauckmann@gmail.com)
[info] 
     ######## #### ########  ######## ########     ###     ######  ########
     ##        ##  ##     ## ##       ##     ##  ##   ##  ##       ##
     ######    ##  ########  ######   ########  #########  ######  ######
     ##        ##  ##    ##  ##       ##     ## ##     ##       ## ##
     ##       #### ##     ## ######## ########  ##     ##  ######  ########

You're about to initialize a Firebase project in this directory:

  C:\Projecten\the-web-is-for-everyone-interactive-functionality

Before we get started, keep in mind:

  * You are currently outside your home directory

[debug] [2023-04-01T11:24:58.111Z] <<< [apiv2][status] GET https://firebase-public.firebaseio.com/cli.json 200
[debug] [2023-04-01T11:24:58.112Z] <<< [apiv2][body] GET https://firebase-public.firebaseio.com/cli.json {"cloudBuildErrorAfter":1594252800000,"cloudBuildWarnAfter":1590019200000,"defaultNode10After":1594252800000,"minVersion":"3.0.5","node8DeploysDisabledAfter":1613390400000,"node8RuntimeDisabledAfter":1615809600000,"node8WarnAfter":1600128000000}
